<?xml version="1.0" encoding="UTF-8"?>
<!-- Generated by org.testng.reporters.JUnitReportReporter -->
<testsuite hostname="DESKTOP-6NEOKBL" failures="0" tests="1" name="plineExtension.pline" time="5.590" errors="0" timestamp="2024-06-04T19:18:24 NPT" skipped="0">
  <testcase classname="plineExtension.pline" name="testPlineExtension" time="5.590"/>
  <system-out/>
</testsuite> <!-- plineExtension.pline -->
